<?xml version="1.0" encoding="UTF-8"?>
<testng-results skipped="0" failed="0" ignored="0" total="1" passed="1">
  <reporter-output>
  </reporter-output>
  <suite name="Default suite" duration-ms="28768" started-at="2020-09-24T07:26:28 CDT" finished-at="2020-09-24T07:26:57 CDT">
    <groups>
    </groups>
    <test name="Default test" duration-ms="28768" started-at="2020-09-24T07:26:28 CDT" finished-at="2020-09-24T07:26:57 CDT">
      <class name="Test.TestRunning">
        <test-method status="PASS" signature="Test()[pri:0, instance:Test.TestRunning@3a883ce7]" name="Test" duration-ms="28732" started-at="2020-09-24T07:26:28 CDT" finished-at="2020-09-24T07:26:57 CDT">
          <reporter-output>
          </reporter-output>
        </test-method> <!-- Test -->
      </class> <!-- Test.TestRunning -->
    </test> <!-- Default test -->
  </suite> <!-- Default suite -->
</testng-results>
